#
# A fatal error has been detected by the Java Runtime Environment:
#
#  SIGSEGV (0xb) at pc=0x000000010d80b9a0, pid=24195, tid=20227
#
# JRE version: Java(TM) SE Runtime Environment (8.0-b132) (build 1.8.0-b132)
# Java VM: Java HotSpot(TM) 64-Bit Server VM (25.0-b70 mixed mode bsd-amd64 compressed oops)
# Problematic frame:
# V  [libjvm.dylib+0x40b9a0]
#
# Failed to write core dump. Core dumps have been disabled. To enable core dumping, try "ulimit -c unlimited" before starting Java again
#
# If you would like to submit a bug report, please visit:
#   http://bugreport.sun.com/bugreport/crash.jsp
#

---------------  T H R E A D  ---------------

Current thread (0x00007fb1b1839000):  JavaThread "JDWP Transport Listener: dt_socket" daemon [_thread_in_vm, id=20227, stack(0x00000001231b8000,0x00000001232b8000)]

siginfo:si_signo=SIGSEGV: si_errno=0, si_code=0 (SEGV0), si_addr=0x0000000000000000

Registers:
RAX=0x0000000000000001, RBX=0x00000001232b7a8b, RCX=0x000000010dbaf780, RDX=0x00000001232b7a8b
RSP=0x00000001232b79d0, RBP=0x00000001232b79e0, RSI=0x00007fb1b1839000, RDI=0x3000000000000000
R8 =0x00007fb1b3312c30, R9 =0x00007fb1b3316b80, R10=0x000000000e7a9851, R11=0x00000000d259327b
R12=0x00007fb1b1839000, R13=0x3000000000000000, R14=0x3000000000000000, R15=0x00007fb1b0f01ee0
RIP=0x000000010d80b9a0, EFLAGS=0x0000000000010206, ERR=0x0000000000000000
  TRAPNO=0x000000000000000d

Top of Stack: (sp=0x00000001232b79d0)
0x00000001232b79d0:   00000001232b7a8b 00000001232b7a8b
0x00000001232b79e0:   00000001232b7a40 000000010d724cee
0x00000001232b79f0:   00007fb1b1839000 0000000000000000
0x00000001232b7a00:   0000000000000000 0000000000000000
0x00000001232b7a10:   00007fb1b1839000 00007fb1b1839000
0x00000001232b7a20:   00000001232b7a8b 00000001232b7a90
0x00000001232b7a30:   3000000000000000 0000000000000001
0x00000001232b7a40:   00000001232b7a60 000000010c3c47dc
0x00000001232b7a50:   0000000000000001 00000001232b7b08
0x00000001232b7a60:   00000001232b7ad0 000000010c3a9263
0x00000001232b7a70:   00000001232b7aa0 00007fb1b3300a70
0x00000001232b7a80:   0000000300000032 00000001002b7b08
0x00000001232b7a90:   0000000000000000 0000000000000000
0x00000001232b7aa0:   0000000000000000 00000001232b7c90
0x00000001232b7ab0:   000000010c3cbeca 00007fb1b0f1bca0
0x00000001232b7ac0:   00000001232b7b08 000000010c3d7588
0x00000001232b7ad0:   00000001232b7ae0 000000010c3a935c
0x00000001232b7ae0:   00000001232b7d00 000000010c3b28f6
0x00000001232b7af0:   0000057e00000013 00000000000f0200
0x00000001232b7b00:   00007fb1b0f36610 00000001232b7b7d
0x00000001232b7b10:   00007fb100000107 00000001232b7b20
0x00000001232b7b20:   00007fb100000025 00000001232b7b58
0x00000001232b7b30:   0000000000000000 00007f0000000000
0x00000001232b7b40:   0000057e0000001c 00007fff0000fe80
0x00000001232b7b50:   00000001232b7b58 b17f000003000000
0x00000001232b7b60:   06000000c821f2b0 00003e74696e693c
0x00000001232b7b70:   0000005629280300 0000000100000000
0x00000001232b7b80:   0000010100170000 0000200000000000
0x00000001232b7b90:   ffffc82bd6b0b17f 0000ffffffffffff
0x00000001232b7ba0:   0001020017000000 0020000000000000
0x00000001232b7bb0:   00d02bd6b0b17f00 0064000000000000
0x00000001232b7bc0:   0103001700000000 2100000000000000 

Instructions: (pc=0x000000010d80b9a0)
0x000000010d80b980:   40 48 48 85 c0 75 e0 30 c0 0f b6 c0 5d c3 31 c0
0x000000010d80b990:   5d c3 55 48 89 e5 53 48 83 ec 08 48 85 ff 74 24
0x000000010d80b9a0:   48 8b 1f 48 85 db 74 1c 48 83 fb 37 74 16 48 8b
0x000000010d80b9b0:   03 48 89 df ff 50 08 84 c0 b8 00 00 00 00 48 0f 

Register to memory mapping:

RAX=0x0000000000000001 is an unknown value
RBX=0x00000001232b7a8b is pointing into the stack for thread: 0x00007fb1b1839000
RCX=0x000000010dbaf780: UseMembar+0 in /Library/Java/JavaVirtualMachines/jdk1.8.0.jdk/Contents/Home/jre/lib/server/libjvm.dylib at 0x000000010d400000
RDX=0x00000001232b7a8b is pointing into the stack for thread: 0x00007fb1b1839000
RSP=0x00000001232b79d0 is pointing into the stack for thread: 0x00007fb1b1839000
RBP=0x00000001232b79e0 is pointing into the stack for thread: 0x00007fb1b1839000
RSI=0x00007fb1b1839000 is a thread
RDI=0x3000000000000000 is an unknown value
R8 =0x00007fb1b3312c30 is an unknown value
R9 =0x00007fb1b3316b80 is an unknown value
R10=0x000000000e7a9851 is an unknown value
R11=0x00000000d259327b is an unknown value
R12=0x00007fb1b1839000 is a thread
R13=0x3000000000000000 is an unknown value
R14=0x3000000000000000 is an unknown value
R15=0x00007fb1b0f01ee0 is an unknown value


Stack: [0x00000001231b8000,0x00000001232b8000],  sp=0x00000001232b79d0,  free space=1022k
Native frames: (J=compiled Java code, j=interpreted, Vv=VM code, C=native code)
V  [libjvm.dylib+0x40b9a0]
V  [libjvm.dylib+0x324cee]
C  [libjdwp.dylib+0x207dc]  isMethodSynthetic+0x63
C  [libjdwp.dylib+0x5263]  methods1+0x10b
C  [libjdwp.dylib+0x535c]  methodsWithGeneric+0xe
C  [libjdwp.dylib+0xe8f6]  debugLoop_run+0x1ce
C  [libjdwp.dylib+0x1f716]  attachThread+0x4d
V  [libjvm.dylib+0x365d5e]
V  [libjvm.dylib+0x51d005]
V  [libjvm.dylib+0x51e742]
V  [libjvm.dylib+0x445786]
C  [libsystem_pthread.dylib+0x1899]  _pthread_body+0x8a
C  [libsystem_pthread.dylib+0x172a]  _pthread_struct_init+0x0
C  [libsystem_pthread.dylib+0x5fc9]  thread_start+0xd


---------------  P R O C E S S  ---------------

Java Threads: ( => current thread )
  0x00007fb1b38e7000 JavaThread "ForkJoinPool.commonPool-worker-6" daemon [_thread_blocked, id=17475, stack(0x0000000122fa8000,0x00000001230a8000)]
  0x00007fb1b480a800 JavaThread "ReaderThread" [_thread_in_native, id=24835, stack(0x0000000123b83000,0x0000000123c83000)]
  0x00007fb1b3801000 JavaThread "Service Thread" daemon [_thread_blocked, id=23811, stack(0x00000001238cd000,0x00000001239cd000)]
  0x00007fb1b1867000 JavaThread "C1 CompilerThread3" daemon [_thread_blocked, id=23299, stack(0x00000001237ca000,0x00000001238ca000)]
  0x00007fb1b2009000 JavaThread "C2 CompilerThread2" daemon [_thread_blocked, id=22787, stack(0x00000001236c7000,0x00000001237c7000)]
  0x00007fb1b1011800 JavaThread "C2 CompilerThread1" daemon [_thread_blocked, id=22275, stack(0x00000001235c4000,0x00000001236c4000)]
  0x00007fb1b2008800 JavaThread "C2 CompilerThread0" daemon [_thread_blocked, id=21763, stack(0x00000001234c1000,0x00000001235c1000)]
  0x00007fb1b1005000 JavaThread "JDWP Command Reader" daemon [_thread_in_native, id=21251, stack(0x00000001233be000,0x00000001234be000)]
  0x00007fb1b1866800 JavaThread "JDWP Event Helper Thread" daemon [_thread_blocked, id=20739, stack(0x00000001232bb000,0x00000001233bb000)]
=>0x00007fb1b1839000 JavaThread "JDWP Transport Listener: dt_socket" daemon [_thread_in_vm, id=20227, stack(0x00000001231b8000,0x00000001232b8000)]
  0x00007fb1b2809000 JavaThread "Signal Dispatcher" daemon [_thread_blocked, id=19715, stack(0x00000001230ae000,0x00000001231ae000)]
  0x00007fb1b1864800 JavaThread "Finalizer" daemon [_thread_blocked, id=14595, stack(0x0000000122e5f000,0x0000000122f5f000)]
  0x00007fb1b1863800 JavaThread "Reference Handler" daemon [_thread_blocked, id=14083, stack(0x0000000122d5c000,0x0000000122e5c000)]
  0x00007fb1b1801800 JavaThread "main" [_thread_blocked, id=6403, stack(0x000000010e2c0000,0x000000010e3c0000)]

Other Threads:
  0x00007fb1b185f000 VMThread [stack: 0x0000000122c59000,0x0000000122d59000] [id=13571]
  0x00007fb1b3800000 WatcherThread [stack: 0x00000001239d0000,0x0000000123ad0000] [id=24323]

VM state:not at safepoint (normal execution)

VM Mutex/Monitor currently owned by a thread: None

Heap:
 PSYoungGen      total 5120K, used 827K [0x00000007aab00000, 0x00000007ab100000, 0x00000007c0000000)
  eden space 4096K, 1% used [0x00000007aab00000,0x00000007aab0ee28,0x00000007aaf00000)
  from space 1024K, 75% used [0x00000007ab000000,0x00000007ab0c0010,0x00000007ab100000)
  to   space 1024K, 0% used [0x00000007aaf00000,0x00000007aaf00000,0x00000007ab000000)
 ParOldGen       total 64000K, used 1055K [0x0000000780000000, 0x0000000783e80000, 0x00000007aab00000)
  object space 64000K, 1% used [0x0000000780000000,0x0000000780107ef8,0x0000000783e80000)
 Metaspace       used 6701K, capacity 6886K, committed 7040K, reserved 1056768K
  class space    used 769K, capacity 837K, committed 896K, reserved 1048576K

Card table byte_map: [0x000000011d78b000,0x000000011d98c000] byte_map_base: 0x0000000119b8b000

Marking Bits: (ParMarkBitMap*) 0x000000010dc660a0
 Begin Bits: [0x000000011e2fa000, 0x000000011f2fa000)
 End Bits:   [0x000000011f2fa000, 0x00000001202fa000)

Polling page: 0x000000010c3a3000

CodeCache: size=245760Kb used=2198Kb max_used=2198Kb free=243561Kb
 bounds [0x000000010e3cb000, 0x000000010e63b000, 0x000000011d3cb000]
 total_blobs=781 nmethods=476 adapters=229
 compilation: enabled

Compilation events (10 events):
Event: 45.271 Thread 0x00007fb1b1867000  470       3       java.util.Arrays$ArrayList::<init> (16 bytes)
Event: 45.271 Thread 0x00007fb1b1867000 nmethod 470 0x000000010e5ed5d0 code [0x000000010e5ed760, 0x000000010e5edb08]
Event: 49.188 Thread 0x00007fb1b1867000  472       3       java.lang.invoke.LambdaForm$DMH/11003494::invokeStatic_L_L (14 bytes)
Event: 49.189 Thread 0x00007fb1b1867000 nmethod 472 0x000000010e5eccd0 code [0x000000010e5ece40, 0x000000010e5ed118]
Event: 51.821 Thread 0x00007fb1b1867000  473       3       java.lang.StringBuilder::append (9 bytes)
Event: 51.822 Thread 0x00007fb1b1867000 nmethod 473 0x000000010e5ef790 code [0x000000010e5ef920, 0x000000010e5efd18]
Event: 55.517 Thread 0x00007fb1b1867000  475       3       java.util.HashMap::resize (359 bytes)
Event: 55.519 Thread 0x00007fb1b1867000 nmethod 475 0x000000010e5efe90 code [0x000000010e5f00e0, 0x000000010e5f1388]
Event: 55.520 Thread 0x00007fb1b1867000  474       3       java.util.HashSet::add (20 bytes)
Event: 55.520 Thread 0x00007fb1b1867000 nmethod 474 0x000000010e5eef90 code [0x000000010e5ef120, 0x000000010e5ef5b8]

GC Heap History (10 events):
Event: 0.370 GC heap before
{Heap before GC invocations=4 (full 0):
 PSYoungGen      total 1024K, used 1008K [0x00000007aab00000, 0x00000007aad00000, 0x00000007c0000000)
  eden space 512K, 100% used [0x00000007aab00000,0x00000007aab80000,0x00000007aab80000)
  from space 512K, 96% used [0x00000007aab80000,0x00000007aabfc010,0x00000007aac00000)
  to   space 512K, 0% used [0x00000007aac80000,0x00000007aac80000,0x00000007aad00000)
 ParOldGen       total 64000K, used 160K [0x0000000780000000, 0x0000000783e80000, 0x00000007aab00000)
  object space 64000K, 0% used [0x0000000780000000,0x0000000780028000,0x0000000783e80000)
 Metaspace       used 3538K, capacity 4652K, committed 4864K, reserved 1056768K
  class space    used 385K, capacity 424K, committed 512K, reserved 1048576K
Event: 0.371 GC heap after
Heap after GC invocations=4 (full 0):
 PSYoungGen      total 1536K, used 496K [0x00000007aab00000, 0x00000007aad00000, 0x00000007c0000000)
  eden space 1024K, 0% used [0x00000007aab00000,0x00000007aab00000,0x00000007aac00000)
  from space 512K, 96% used [0x00000007aac80000,0x00000007aacfc010,0x00000007aad00000)
  to   space 512K, 0% used [0x00000007aac00000,0x00000007aac00000,0x00000007aac80000)
 ParOldGen       total 64000K, used 315K [0x0000000780000000, 0x0000000783e80000, 0x00000007aab00000)
  object space 64000K, 0% used [0x0000000780000000,0x000000078004ef30,0x0000000783e80000)
 Metaspace       used 3538K, capacity 4652K, committed 4864K, reserved 1056768K
  class space    used 385K, capacity 424K, committed 512K, reserved 1048576K
}
Event: 0.407 GC heap before
{Heap before GC invocations=5 (full 0):
 PSYoungGen      total 1536K, used 1520K [0x00000007aab00000, 0x00000007aad00000, 0x00000007c0000000)
  eden space 1024K, 100% used [0x00000007aab00000,0x00000007aac00000,0x00000007aac00000)
  from space 512K, 96% used [0x00000007aac80000,0x00000007aacfc010,0x00000007aad00000)
  to   space 512K, 0% used [0x00000007aac00000,0x00000007aac00000,0x00000007aac80000)
 ParOldGen       total 64000K, used 315K [0x0000000780000000, 0x0000000783e80000, 0x00000007aab00000)
  object space 64000K, 0% used [0x0000000780000000,0x000000078004ef30,0x0000000783e80000)
 Metaspace       used 4087K, capacity 4756K, committed 4864K, reserved 1056768K
  class space    used 447K, capacity 464K, committed 512K, reserved 1048576K
Event: 0.409 GC heap after
Heap after GC invocations=5 (full 0):
 PSYoungGen      total 1536K, used 480K [0x00000007aab00000, 0x00000007aaf00000, 0x00000007c0000000)
  eden space 1024K, 0% used [0x00000007aab00000,0x00000007aab00000,0x00000007aac00000)
  from space 512K, 93% used [0x00000007aac00000,0x00000007aac78020,0x00000007aac80000)
  to   space 1024K, 0% used [0x00000007aae00000,0x00000007aae00000,0x00000007aaf00000)
 ParOldGen       total 64000K, used 663K [0x0000000780000000, 0x0000000783e80000, 0x00000007aab00000)
  object space 64000K, 1% used [0x0000000780000000,0x00000007800a5e78,0x0000000783e80000)
 Metaspace       used 4087K, capacity 4756K, committed 4864K, reserved 1056768K
  class space    used 447K, capacity 464K, committed 512K, reserved 1048576K
}
Event: 0.459 GC heap before
{Heap before GC invocations=6 (full 0):
 PSYoungGen      total 1536K, used 1504K [0x00000007aab00000, 0x00000007aaf00000, 0x00000007c0000000)
  eden space 1024K, 100% used [0x00000007aab00000,0x00000007aac00000,0x00000007aac00000)
  from space 512K, 93% used [0x00000007aac00000,0x00000007aac78020,0x00000007aac80000)
  to   space 1024K, 0% used [0x00000007aae00000,0x00000007aae00000,0x00000007aaf00000)
 ParOldGen       total 64000K, used 663K [0x0000000780000000, 0x0000000783e80000, 0x00000007aab00000)
  object space 64000K, 1% used [0x0000000780000000,0x00000007800a5e78,0x0000000783e80000)
 Metaspace       used 4997K, capacity 5156K, committed 5248K, reserved 1056768K
  class space    used 544K, capacity 592K, committed 640K, reserved 1048576K
Event: 0.460 GC heap after
Heap after GC invocations=6 (full 0):
 PSYoungGen      total 3072K, used 832K [0x00000007aab00000, 0x00000007aaf00000, 0x00000007c0000000)
  eden space 2048K, 0% used [0x00000007aab00000,0x00000007aab00000,0x00000007aad00000)
  from space 1024K, 81% used [0x00000007aae00000,0x00000007aaed0020,0x00000007aaf00000)
  to   space 1024K, 0% used [0x00000007aad00000,0x00000007aad00000,0x00000007aae00000)
 ParOldGen       total 64000K, used 671K [0x0000000780000000, 0x0000000783e80000, 0x00000007aab00000)
  object space 64000K, 1% used [0x0000000780000000,0x00000007800a7e78,0x0000000783e80000)
 Metaspace       used 4997K, capacity 5156K, committed 5248K, reserved 1056768K
  class space    used 544K, capacity 592K, committed 640K, reserved 1048576K
}
Event: 0.578 GC heap before
{Heap before GC invocations=7 (full 0):
 PSYoungGen      total 3072K, used 2880K [0x00000007aab00000, 0x00000007aaf00000, 0x00000007c0000000)
  eden space 2048K, 100% used [0x00000007aab00000,0x00000007aad00000,0x00000007aad00000)
  from space 1024K, 81% used [0x00000007aae00000,0x00000007aaed0020,0x00000007aaf00000)
  to   space 1024K, 0% used [0x00000007aad00000,0x00000007aad00000,0x00000007aae00000)
 ParOldGen       total 64000K, used 671K [0x0000000780000000, 0x0000000783e80000, 0x00000007aab00000)
  object space 64000K, 1% used [0x0000000780000000,0x00000007800a7e78,0x0000000783e80000)
 Metaspace       used 6464K, capacity 6602K, committed 6784K, reserved 1056768K
  class space    used 733K, capacity 785K, committed 896K, reserved 1048576K
Event: 0.579 GC heap after
Heap after GC invocations=7 (full 0):
 PSYoungGen      total 3072K, used 896K [0x00000007aab00000, 0x00000007ab100000, 0x00000007c0000000)
  eden space 2048K, 0% used [0x00000007aab00000,0x00000007aab00000,0x00000007aad00000)
  from space 1024K, 87% used [0x00000007aad00000,0x00000007aade0010,0x00000007aae00000)
  to   space 1024K, 0% used [0x00000007ab000000,0x00000007ab000000,0x00000007ab100000)
 ParOldGen       total 64000K, used 935K [0x0000000780000000, 0x0000000783e80000, 0x00000007aab00000)
  object space 64000K, 1% used [0x0000000780000000,0x00000007800e9ec8,0x0000000783e80000)
 Metaspace       used 6464K, capacity 6602K, committed 6784K, reserved 1056768K
  class space    used 733K, capacity 785K, committed 896K, reserved 1048576K
}
Event: 406.618 GC heap before
{Heap before GC invocations=8 (full 0):
 PSYoungGen      total 3072K, used 2923K [0x00000007aab00000, 0x00000007ab100000, 0x00000007c0000000)
  eden space 2048K, 99% used [0x00000007aab00000,0x00000007aacfae88,0x00000007aad00000)
  from space 1024K, 87% used [0x00000007aad00000,0x00000007aade0010,0x00000007aae00000)
  to   space 1024K, 0% used [0x00000007ab000000,0x00000007ab000000,0x00000007ab100000)
 ParOldGen       total 64000K, used 935K [0x0000000780000000, 0x0000000783e80000, 0x00000007aab00000)
  object space 64000K, 1% used [0x0000000780000000,0x00000007800e9ec8,0x0000000783e80000)
 Metaspace       used 6695K, capacity 6886K, committed 7040K, reserved 1056768K
  class space    used 768K, capacity 837K, committed 896K, reserved 1048576K
Event: 406.620 GC heap after
Heap after GC invocations=8 (full 0):
 PSYoungGen      total 5120K, used 768K [0x00000007aab00000, 0x00000007ab100000, 0x00000007c0000000)
  eden space 4096K, 0% used [0x00000007aab00000,0x00000007aab00000,0x00000007aaf00000)
  from space 1024K, 75% used [0x00000007ab000000,0x00000007ab0c0010,0x00000007ab100000)
  to   space 1024K, 0% used [0x00000007aaf00000,0x00000007aaf00000,0x00000007ab000000)
 ParOldGen       total 64000K, used 1055K [0x0000000780000000, 0x0000000783e80000, 0x00000007aab00000)
  object space 64000K, 1% used [0x0000000780000000,0x0000000780107ef8,0x0000000783e80000)
 Metaspace       used 6695K, capacity 6886K, committed 7040K, reserved 1056768K
  class space    used 768K, capacity 837K, committed 896K, reserved 1048576K
}

Deoptimization events (0 events):
No events

Internal exceptions (10 events):
Event: 0.567 Thread 0x00007fb1b1801800 Exception <a 'java/security/PrivilegedActionException'> (0x00000007aaccfcd0) thrown at [/HUDSON/workspace/8-2-build-macosx-x86_64/jdk8/2238/hotspot/src/share/vm/prims/jvm.cpp, line 1248]
Event: 0.570 Thread 0x00007fb1b1801800 Exception <a 'java/security/PrivilegedActionException'> (0x00000007aacd4dd0) thrown at [/HUDSON/workspace/8-2-build-macosx-x86_64/jdk8/2238/hotspot/src/share/vm/prims/jvm.cpp, line 1248]
Event: 0.571 Thread 0x00007fb1b1801800 Exception <a 'java/security/PrivilegedActionException'> (0x00000007aacd89a8) thrown at [/HUDSON/workspace/8-2-build-macosx-x86_64/jdk8/2238/hotspot/src/share/vm/prims/jvm.cpp, line 1248]
Event: 0.575 Thread 0x00007fb1b1801800 Exception <a 'java/security/PrivilegedActionException'> (0x00000007aace4868) thrown at [/HUDSON/workspace/8-2-build-macosx-x86_64/jdk8/2238/hotspot/src/share/vm/prims/jvm.cpp, line 1248]
Event: 0.575 Thread 0x00007fb1b1801800 Exception <a 'java/security/PrivilegedActionException'> (0x00000007aace9e18) thrown at [/HUDSON/workspace/8-2-build-macosx-x86_64/jdk8/2238/hotspot/src/share/vm/prims/jvm.cpp, line 1248]
Event: 0.580 Thread 0x00007fb1b1801800 Exception <a 'java/security/PrivilegedActionException'> (0x00000007aab09480) thrown at [/HUDSON/workspace/8-2-build-macosx-x86_64/jdk8/2238/hotspot/src/share/vm/prims/jvm.cpp, line 1248]
Event: 0.581 Thread 0x00007fb1b1801800 Exception <a 'java/security/PrivilegedActionException'> (0x00000007aab0d6c0) thrown at [/HUDSON/workspace/8-2-build-macosx-x86_64/jdk8/2238/hotspot/src/share/vm/prims/jvm.cpp, line 1248]
Event: 0.584 Thread 0x00007fb1b1801800 Exception <a 'java/lang/NoSuchMethodError': java.lang.Object.lambda$0(Lwilley/lib/physics/polymer/interactor/Lattice;Lwilley/lib/physics/polymer/interactor/Interactor;)Lwilley/lib/physics/polymer/interactor/Interactor;> (0x00000007aab10448) thrown at [/HU
Event: 0.587 Thread 0x00007fb1b1801800 Exception <a 'java/lang/NoSuchMethodError': java.lang.Object.lambda$1(Lwilley/lib/physics/polymer/interactor/Interactor;Lwilley/lib/physics/polymer/interactor/Interactor;)Z> (0x00000007aab1dfe0) thrown at [/HUDSON/workspace/8-2-build-macosx-x86_64/jdk8/22
Event: 3.524 Thread 0x00007fb1b1801800 Exception <a 'java/security/PrivilegedActionException'> (0x00000007aab3c3c0) thrown at [/HUDSON/workspace/8-2-build-macosx-x86_64/jdk8/2238/hotspot/src/share/vm/prims/jvm.cpp, line 1248]

Events (10 events):
Event: 392.616 Executing VM operation: RevokeBias done
Event: 392.616 Thread 0x00007fb1b1945000 Thread exited: 0x00007fb1b1945000
Event: 406.617 Thread 0x00007fb1b38e7000 Thread added: 0x00007fb1b38e7000
Event: 406.617 Executing VM operation: RevokeBias
Event: 406.618 Executing VM operation: RevokeBias done
Event: 406.618 Thread 0x00007fb1b2808000 Thread exited: 0x00007fb1b2808000
Event: 406.618 Executing VM operation: ParallelGCFailedAllocation
Event: 406.620 Executing VM operation: ParallelGCFailedAllocation done
Event: 413.301 Executing VM operation: RedefineClasses
Event: 413.304 Executing VM operation: RedefineClasses done


Dynamic libraries:
0x00000000065f4000 	/System/Library/Frameworks/Cocoa.framework/Versions/A/Cocoa
0x00000000065f4000 	/System/Library/Frameworks/Security.framework/Versions/A/Security
0x00000000065f4000 	/System/Library/Frameworks/ApplicationServices.framework/Versions/A/ApplicationServices
0x00000000065f4000 	/usr/lib/libz.1.dylib
0x00000000065f4000 	/usr/lib/libSystem.B.dylib
0x00000000065f4000 	/usr/lib/libobjc.A.dylib
0x00000000065f4000 	/System/Library/Frameworks/CoreFoundation.framework/Versions/A/CoreFoundation
0x00000000065f4000 	/System/Library/Frameworks/Foundation.framework/Versions/C/Foundation
0x00000000065f4000 	/System/Library/Frameworks/AppKit.framework/Versions/C/AppKit
0x00000000065f4000 	/System/Library/Frameworks/CoreData.framework/Versions/A/CoreData
0x00000000065f4000 	/System/Library/PrivateFrameworks/RemoteViewServices.framework/Versions/A/RemoteViewServices
0x00000000065f4000 	/System/Library/Frameworks/AudioToolbox.framework/Versions/A/AudioToolbox
0x00000000065f4000 	/System/Library/Frameworks/AudioUnit.framework/Versions/A/AudioUnit
0x00000000065f4000 	/System/Library/PrivateFrameworks/DataDetectorsCore.framework/Versions/A/DataDetectorsCore
0x00000000065f4000 	/System/Library/PrivateFrameworks/DesktopServicesPriv.framework/Versions/A/DesktopServicesPriv
0x00000000065f4000 	/System/Library/Frameworks/Carbon.framework/Versions/A/Frameworks/HIToolbox.framework/Versions/A/HIToolbox
0x00000000065f4000 	/System/Library/Frameworks/QuartzCore.framework/Versions/A/QuartzCore
0x00000000065f4000 	/System/Library/Frameworks/Carbon.framework/Versions/A/Frameworks/SpeechRecognition.framework/Versions/A/SpeechRecognition
0x00000000065f4000 	/usr/lib/libauto.dylib
0x00000000065f4000 	/usr/lib/libicucore.A.dylib
0x00000000065f4000 	/usr/lib/libxml2.2.dylib
0x00000000065f4000 	/System/Library/PrivateFrameworks/CoreUI.framework/Versions/A/CoreUI
0x00000000065f4000 	/System/Library/Frameworks/CoreAudio.framework/Versions/A/CoreAudio
0x00000000065f4000 	/System/Library/Frameworks/DiskArbitration.framework/Versions/A/DiskArbitration
0x00000000065f4000 	/usr/lib/liblangid.dylib
0x00000000065f4000 	/System/Library/PrivateFrameworks/MultitouchSupport.framework/Versions/A/MultitouchSupport
0x00000000065f4000 	/System/Library/Frameworks/IOKit.framework/Versions/A/IOKit
0x00000000065f4000 	/usr/lib/libDiagnosticMessagesClient.dylib
0x00000000065f4000 	/System/Library/Frameworks/CoreServices.framework/Versions/A/CoreServices
0x00000000065f4000 	/System/Library/PrivateFrameworks/PerformanceAnalysis.framework/Versions/A/PerformanceAnalysis
0x00000000065f4000 	/System/Library/PrivateFrameworks/GenerationalStorage.framework/Versions/A/GenerationalStorage
0x00000000065f4000 	/System/Library/Frameworks/OpenGL.framework/Versions/A/OpenGL
0x00000000065f4000 	/System/Library/PrivateFrameworks/Sharing.framework/Versions/A/Sharing
0x00000000065f4000 	/System/Library/Frameworks/ImageIO.framework/Versions/A/ImageIO
0x00000000065f4000 	/System/Library/Frameworks/CoreText.framework/Versions/A/CoreText
0x00000000065f4000 	/System/Library/Frameworks/CoreGraphics.framework/Versions/A/CoreGraphics
0x00000000065f4000 	/System/Library/PrivateFrameworks/Backup.framework/Versions/A/Backup
0x00000000065f4000 	/System/Library/Frameworks/CFNetwork.framework/Versions/A/CFNetwork
0x00000000065f4000 	/System/Library/Frameworks/SystemConfiguration.framework/Versions/A/SystemConfiguration
0x00000000065f4000 	/usr/lib/libCRFSuite.dylib
0x00000000065f4000 	/usr/lib/libc++.1.dylib
0x00000000065f4000 	/usr/lib/libc++abi.dylib
0x00000000065f4000 	/usr/lib/system/libcache.dylib
0x00000000065f4000 	/usr/lib/system/libcommonCrypto.dylib
0x00000000065f4000 	/usr/lib/system/libcompiler_rt.dylib
0x00000000065f4000 	/usr/lib/system/libcopyfile.dylib
0x00000000065f4000 	/usr/lib/system/libcorecrypto.dylib
0x00000000065f4000 	/usr/lib/system/libdispatch.dylib
0x00000000065f4000 	/usr/lib/system/libdyld.dylib
0x00000000065f4000 	/usr/lib/system/libkeymgr.dylib
0x00000000065f4000 	/usr/lib/system/liblaunch.dylib
0x00000000065f4000 	/usr/lib/system/libmacho.dylib
0x00000000065f4000 	/usr/lib/system/libquarantine.dylib
0x00000000065f4000 	/usr/lib/system/libremovefile.dylib
0x00000000065f4000 	/usr/lib/system/libsystem_asl.dylib
0x00000000065f4000 	/usr/lib/system/libsystem_blocks.dylib
0x00000000065f4000 	/usr/lib/system/libsystem_c.dylib
0x00000000065f4000 	/usr/lib/system/libsystem_configuration.dylib
0x00000000065f4000 	/usr/lib/system/libsystem_dnssd.dylib
0x00000000065f4000 	/usr/lib/system/libsystem_info.dylib
0x00000000065f4000 	/usr/lib/system/libsystem_kernel.dylib
0x00000000065f4000 	/usr/lib/system/libsystem_m.dylib
0x00000000065f4000 	/usr/lib/system/libsystem_malloc.dylib
0x00000000065f4000 	/usr/lib/system/libsystem_network.dylib
0x00000000065f4000 	/usr/lib/system/libsystem_notify.dylib
0x00000000065f4000 	/usr/lib/system/libsystem_platform.dylib
0x00000000065f4000 	/usr/lib/system/libsystem_pthread.dylib
0x00000000065f4000 	/usr/lib/system/libsystem_sandbox.dylib
0x00000000065f4000 	/usr/lib/system/libsystem_stats.dylib
0x00000000065f4000 	/usr/lib/system/libunc.dylib
0x00000000065f4000 	/usr/lib/system/libunwind.dylib
0x00000000065f4000 	/usr/lib/system/libxpc.dylib
0x00000000065f4000 	/usr/lib/libbsm.0.dylib
0x00000000065f4000 	/usr/lib/libsqlite3.dylib
0x00000000065f4000 	/usr/lib/libxar.1.dylib
0x00000000065f4000 	/usr/lib/libpam.2.dylib
0x00000000065f4000 	/usr/lib/libOpenScriptingUtil.dylib
0x00000000065f4000 	/usr/lib/libbz2.1.0.dylib
0x00000000065f4000 	/System/Library/Frameworks/CoreServices.framework/Versions/A/Frameworks/CarbonCore.framework/Versions/A/CarbonCore
0x00000000065f4000 	/System/Library/Frameworks/CoreServices.framework/Versions/A/Frameworks/Metadata.framework/Versions/A/Metadata
0x00000000065f4000 	/System/Library/Frameworks/CoreServices.framework/Versions/A/Frameworks/OSServices.framework/Versions/A/OSServices
0x00000000065f4000 	/System/Library/Frameworks/CoreServices.framework/Versions/A/Frameworks/SearchKit.framework/Versions/A/SearchKit
0x00000000065f4000 	/System/Library/Frameworks/CoreServices.framework/Versions/A/Frameworks/AE.framework/Versions/A/AE
0x00000000065f4000 	/System/Library/Frameworks/CoreServices.framework/Versions/A/Frameworks/LaunchServices.framework/Versions/A/LaunchServices
0x00000000065f4000 	/System/Library/Frameworks/CoreServices.framework/Versions/A/Frameworks/DictionaryServices.framework/Versions/A/DictionaryServices
0x00000000065f4000 	/System/Library/Frameworks/NetFS.framework/Versions/A/NetFS
0x00000000065f4000 	/usr/lib/system/libkxld.dylib
0x00000000065f4000 	/System/Library/PrivateFrameworks/NetAuth.framework/Versions/A/NetAuth
0x00000000065f4000 	/System/Library/PrivateFrameworks/TCC.framework/Versions/A/TCC
0x00000000065f4000 	/System/Library/Frameworks/OpenDirectory.framework/Versions/A/Frameworks/CFOpenDirectory.framework/Versions/A/CFOpenDirectory
0x00000000065f4000 	/System/Library/Frameworks/ServiceManagement.framework/Versions/A/ServiceManagement
0x00000000065f4000 	/usr/lib/libxslt.1.dylib
0x00000000065f4000 	/System/Library/Frameworks/Carbon.framework/Versions/A/Frameworks/Ink.framework/Versions/A/Ink
0x00000000065f4000 	/System/Library/Frameworks/ApplicationServices.framework/Versions/A/Frameworks/ATS.framework/Versions/A/ATS
0x00000000065f4000 	/System/Library/Frameworks/ApplicationServices.framework/Versions/A/Frameworks/ColorSync.framework/Versions/A/ColorSync
0x00000000065f4000 	/System/Library/Frameworks/ApplicationServices.framework/Versions/A/Frameworks/HIServices.framework/Versions/A/HIServices
0x00000000065f4000 	/System/Library/Frameworks/ApplicationServices.framework/Versions/A/Frameworks/LangAnalysis.framework/Versions/A/LangAnalysis
0x00000000065f4000 	/System/Library/Frameworks/ApplicationServices.framework/Versions/A/Frameworks/PrintCore.framework/Versions/A/PrintCore
0x00000000065f4000 	/System/Library/Frameworks/ApplicationServices.framework/Versions/A/Frameworks/QD.framework/Versions/A/QD
0x00000000065f4000 	/System/Library/Frameworks/ApplicationServices.framework/Versions/A/Frameworks/SpeechSynthesis.framework/Versions/A/SpeechSynthesis
0x00000000065f4000 	/System/Library/Frameworks/IOSurface.framework/Versions/A/IOSurface
0x00000000065f4000 	/System/Library/Frameworks/Accelerate.framework/Versions/A/Accelerate
0x00000000065f4000 	/System/Library/Frameworks/Accelerate.framework/Versions/A/Frameworks/vImage.framework/Versions/A/vImage
0x00000000065f4000 	/System/Library/Frameworks/Accelerate.framework/Versions/A/Frameworks/vecLib.framework/Versions/A/vecLib
0x00000000065f4000 	/System/Library/Frameworks/Accelerate.framework/Versions/A/Frameworks/vecLib.framework/Versions/A/libvDSP.dylib
0x00000000065f4000 	/System/Library/Frameworks/Accelerate.framework/Versions/A/Frameworks/vecLib.framework/Versions/A/libvMisc.dylib
0x00000000065f4000 	/System/Library/Frameworks/Accelerate.framework/Versions/A/Frameworks/vecLib.framework/Versions/A/libLAPACK.dylib
0x00000000065f4000 	/System/Library/Frameworks/Accelerate.framework/Versions/A/Frameworks/vecLib.framework/Versions/A/libBLAS.dylib
0x00000000065f4000 	/System/Library/Frameworks/ApplicationServices.framework/Versions/A/Frameworks/ATS.framework/Versions/A/Resources/libFontParser.dylib
0x00000000065f4000 	/System/Library/Frameworks/ApplicationServices.framework/Versions/A/Frameworks/ATS.framework/Versions/A/Resources/libFontRegistry.dylib
0x00000000065f4000 	/System/Library/Frameworks/ImageIO.framework/Versions/A/Resources/libJPEG.dylib
0x00000000065f4000 	/System/Library/Frameworks/ImageIO.framework/Versions/A/Resources/libTIFF.dylib
0x00000000065f4000 	/System/Library/Frameworks/ImageIO.framework/Versions/A/Resources/libPng.dylib
0x00000000065f4000 	/System/Library/Frameworks/ImageIO.framework/Versions/A/Resources/libGIF.dylib
0x00000000065f4000 	/System/Library/Frameworks/ImageIO.framework/Versions/A/Resources/libJP2.dylib
0x00000000065f4000 	/System/Library/Frameworks/ImageIO.framework/Versions/A/Resources/libRadiance.dylib
0x00000000065f4000 	/usr/lib/libcups.2.dylib
0x00000000065f4000 	/System/Library/Frameworks/Kerberos.framework/Versions/A/Kerberos
0x00000000065f4000 	/System/Library/Frameworks/GSS.framework/Versions/A/GSS
0x00000000065f4000 	/usr/lib/libresolv.9.dylib
0x00000000065f4000 	/usr/lib/libiconv.2.dylib
0x00000000065f4000 	/System/Library/PrivateFrameworks/Heimdal.framework/Versions/A/Heimdal
0x00000000065f4000 	/System/Library/PrivateFrameworks/TrustEvaluationAgent.framework/Versions/A/TrustEvaluationAgent
0x00000000065f4000 	/usr/lib/libheimdal-asn1.dylib
0x00000000065f4000 	/System/Library/Frameworks/OpenDirectory.framework/Versions/A/OpenDirectory
0x00000000065f4000 	/System/Library/PrivateFrameworks/CommonAuth.framework/Versions/A/CommonAuth
0x00000000065f4000 	/System/Library/Frameworks/SecurityFoundation.framework/Versions/A/SecurityFoundation
0x00000000065f4000 	/System/Library/PrivateFrameworks/Bom.framework/Versions/A/Bom
0x00000000065f4000 	/System/Library/Frameworks/CoreVideo.framework/Versions/A/CoreVideo
0x00000000065f4000 	/System/Library/Frameworks/QuartzCore.framework/Versions/A/Frameworks/CoreImage.framework/Versions/A/CoreImage
0x00000000065f4000 	/System/Library/Frameworks/QuartzCore.framework/Versions/A/Frameworks/ScalableUserInterface.framework/Versions/A/ScalableUserInterface
0x00000000065f4000 	/System/Library/Frameworks/OpenGL.framework/Versions/A/Libraries/libGLU.dylib
0x00000000065f4000 	/System/Library/Frameworks/OpenGL.framework/Versions/A/Libraries/libGFXShared.dylib
0x00000000065f4000 	/System/Library/Frameworks/OpenGL.framework/Versions/A/Libraries/libGL.dylib
0x00000000065f4000 	/System/Library/Frameworks/OpenGL.framework/Versions/A/Libraries/libGLImage.dylib
0x00000000065f4000 	/System/Library/Frameworks/OpenGL.framework/Versions/A/Libraries/libCVMSPluginSupport.dylib
0x00000000065f4000 	/System/Library/Frameworks/OpenGL.framework/Versions/A/Libraries/libCoreVMClient.dylib
0x00000000065f4000 	/System/Library/PrivateFrameworks/FaceCore.framework/Versions/A/FaceCore
0x00000000065f4000 	/System/Library/PrivateFrameworks/CrashReporterSupport.framework/Versions/A/CrashReporterSupport
0x00000000065f4000 	/System/Library/Frameworks/OpenCL.framework/Versions/A/OpenCL
0x00000000065f4000 	/System/Library/PrivateFrameworks/AppleFSCompression.framework/Versions/A/AppleFSCompression
0x00000000065f4000 	/System/Library/PrivateFrameworks/Ubiquity.framework/Versions/A/Ubiquity
0x00000000065f4000 	/System/Library/PrivateFrameworks/IconServices.framework/Versions/A/IconServices
0x00000000065f4000 	/System/Library/PrivateFrameworks/ChunkingLibrary.framework/Versions/A/ChunkingLibrary
0x00000000065f4000 	/System/Library/PrivateFrameworks/CoreSymbolication.framework/Versions/A/CoreSymbolication
0x00000000065f4000 	/System/Library/PrivateFrameworks/Symbolication.framework/Versions/A/Symbolication
0x00000000065f4000 	/System/Library/PrivateFrameworks/DebugSymbols.framework/Versions/A/DebugSymbols
0x000000010d400000 	/Library/Java/JavaVirtualMachines/jdk1.8.0.jdk/Contents/Home/jre/lib/server/libjvm.dylib
0x00000000065f4000 	/usr/lib/libstdc++.6.dylib
0x000000010c361000 	/Library/Java/JavaVirtualMachines/jdk1.8.0.jdk/Contents/Home/jre/lib/libverify.dylib
0x000000010c36f000 	/Library/Java/JavaVirtualMachines/jdk1.8.0.jdk/Contents/Home/jre/lib/libjava.dylib
0x000000010c3a4000 	/Library/Java/JavaVirtualMachines/jdk1.8.0.jdk/Contents/Home/jre/lib/libjdwp.dylib
0x000000010c3ef000 	/Library/Java/JavaVirtualMachines/jdk1.8.0.jdk/Contents/Home/jre/lib/libnpt.dylib
0x000000010e3c2000 	/Library/Java/JavaVirtualMachines/jdk1.8.0.jdk/Contents/Home/jre/lib/libzip.dylib
0x0000000122f61000 	/System/Library/Frameworks/JavaVM.framework/Frameworks/JavaRuntimeSupport.framework/JavaRuntimeSupport
0x0000000122f79000 	/System/Library/Frameworks/JavaVM.framework/Versions/A/Frameworks/JavaNativeFoundation.framework/Versions/A/JavaNativeFoundation
0x0000000122f8e000 	/System/Library/Frameworks/JavaVM.framework/Versions/A/JavaVM
0x00000000065f4000 	/System/Library/Frameworks/Carbon.framework/Versions/A/Carbon
0x0000000122f9b000 	/System/Library/PrivateFrameworks/JavaLaunching.framework/Versions/A/JavaLaunching
0x00000000065f4000 	/System/Library/Frameworks/Carbon.framework/Versions/A/Frameworks/CommonPanels.framework/Versions/A/CommonPanels
0x00000000065f4000 	/System/Library/Frameworks/Carbon.framework/Versions/A/Frameworks/Help.framework/Versions/A/Help
0x00000000065f4000 	/System/Library/Frameworks/Carbon.framework/Versions/A/Frameworks/ImageCapture.framework/Versions/A/ImageCapture
0x00000000065f4000 	/System/Library/Frameworks/Carbon.framework/Versions/A/Frameworks/OpenScripting.framework/Versions/A/OpenScripting
0x00000000065f4000 	/System/Library/Frameworks/Carbon.framework/Versions/A/Frameworks/Print.framework/Versions/A/Print
0x00000000065f4000 	/System/Library/Frameworks/Carbon.framework/Versions/A/Frameworks/SecurityHI.framework/Versions/A/SecurityHI
0x00000001231b0000 	/Library/Java/JavaVirtualMachines/jdk1.8.0.jdk/Contents/Home/jre/lib/libdt_socket.dylib
0x0000000123b24000 	/Library/Java/JavaVirtualMachines/jdk1.8.0.jdk/Contents/Home/jre/lib/libnet.dylib

VM Arguments:
jvm_args: -agentlib:jdwp=transport=dt_socket,suspend=y,address=localhost:52698 -Dfile.encoding=UTF-8 
java_command: org.eclipse.jdt.internal.junit.runner.RemoteTestRunner -version 3 -port 52697 -testLoaderClass org.eclipse.jdt.internal.junit4.runner.JUnit4TestLoader -loaderpluginname org.eclipse.jdt.junit4.runtime -test willey.lib.physics.polymer.interactor.RodImplTest:testProjectedStream
java_class_path (initial): /Users/jwilley44/Documents/workspace/dev/bin:/Applications/Eclipse/plugins/org.junit_4.11.0.v201303080030/junit.jar:/Applications/Eclipse/plugins/org.hamcrest.core_1.3.0.v201303031735.jar:/Applications/Eclipse/configuration/org.eclipse.osgi/203/0/.cp/:/Applications/Eclipse/configuration/org.eclipse.osgi/202/0/.cp/
Launcher Type: SUN_STANDARD

Environment Variables:
PATH=/usr/bin:/bin:/usr/sbin:/sbin
SHELL=/bin/bash
DISPLAY=/tmp/launch-QDHCy3/org.macosforge.xquartz:0

Signal Handlers:
SIGSEGV: [libjvm.dylib+0x55faef], sa_mask[0]=0xfffefeff, sa_flags=0x00000043
SIGBUS: [libjvm.dylib+0x55faef], sa_mask[0]=0xfffefeff, sa_flags=0x00000042
SIGFPE: [libjvm.dylib+0x44305a], sa_mask[0]=0xfffefeff, sa_flags=0x00000042
SIGPIPE: [libjvm.dylib+0x44305a], sa_mask[0]=0xfffefeff, sa_flags=0x00000042
SIGXFSZ: [libjvm.dylib+0x44305a], sa_mask[0]=0xfffefeff, sa_flags=0x00000042
SIGILL: [libjvm.dylib+0x44305a], sa_mask[0]=0xfffefeff, sa_flags=0x00000042
SIGUSR1: SIG_DFL, sa_mask[0]=0x00000000, sa_flags=0x00000002
SIGUSR2: [libjvm.dylib+0x442b78], sa_mask[0]=0x00000004, sa_flags=0x00000042
SIGHUP: [libjvm.dylib+0x440f05], sa_mask[0]=0xfffefeff, sa_flags=0x00000042
SIGINT: [libjvm.dylib+0x440f05], sa_mask[0]=0xfffefeff, sa_flags=0x00000042
SIGTERM: [libjvm.dylib+0x440f05], sa_mask[0]=0xfffefeff, sa_flags=0x00000042
SIGQUIT: [libjvm.dylib+0x440f05], sa_mask[0]=0xfffefeff, sa_flags=0x00000042


---------------  S Y S T E M  ---------------

OS:Bsduname:Darwin 13.4.0 Darwin Kernel Version 13.4.0: Sun Aug 17 19:50:11 PDT 2014; root:xnu-2422.115.4~1/RELEASE_X86_64 x86_64
rlimit: STACK 8192k, CORE 0k, NPROC 709, NOFILE 10240, AS infinity
load average:1.30 1.52 1.55

CPU:total 8 (4 cores per cpu, 2 threads per core) family 6 model 42 stepping 7, cmov, cx8, fxsr, mmx, sse, sse2, sse3, ssse3, sse4.1, sse4.2, popcnt, avx, aes, clmul, ht, tsc, tscinvbit

Memory: 4k page, physical 4194304k(281720k free)

/proc/meminfo:


vm_info: Java HotSpot(TM) 64-Bit Server VM (25.0-b70) for bsd-amd64 JRE (1.8.0-b132), built on Mar  4 2014 03:11:43 by "java_re" with gcc 4.2.1 (Based on Apple Inc. build 5658) (LLVM build 2336.11.00)

time: Thu Apr  2 13:24:31 2015
elapsed time: 413 seconds

